[09:24:39] [main/INFO]: Loading Minecraft 1.20.1 with Fabric Loader 0.16.5
[09:24:39] [main/INFO]: Loading 4 mods:
	- fabricloader 0.16.5
	   \-- mixinextras 0.4.1
	- java 19
	- minecraft 1.20.1
[09:24:39] [main/INFO]: SpongePowered MIXIN Subsystem Version=0.8.7 Source=file:/C:/University/Projects/cobblemon/libraries/net/fabricmc/sponge-mixin/0.15.3+mixin.0.8.7/sponge-mixin-0.15.3+mixin.0.8.7.jar Service=Knot/Fabric Env=SERVER
[09:24:43] [main/INFO]: Environment: authHost='https://authserver.mojang.com', accountsHost='https://api.mojang.com', sessionHost='https://sessionserver.mojang.com', servicesHost='https://api.minecraftservices.com', name='PROD'
[09:24:44] [main/INFO]: Loaded 7 recipes
[09:24:44] [main/INFO]: Loaded 1271 advancements
[09:24:44] [Server thread/INFO]: Starting minecraft server version 1.20.1
[09:24:44] [Server thread/INFO]: Loading properties
[09:24:44] [Server thread/INFO]: Default game type: SURVIVAL
[09:24:44] [Server thread/INFO]: Generating keypair
[09:24:44] [Server thread/INFO]: Starting Minecraft server on *:25565
[09:24:44] [Server thread/INFO]: Using default channel type
[09:24:45] [Server thread/WARN]: **** SERVER IS RUNNING IN OFFLINE/INSECURE MODE!
[09:24:45] [Server thread/WARN]: The server will make no attempt to authenticate usernames. Beware.
[09:24:45] [Server thread/WARN]: While this makes the game possible to play without internet access, it also opens up the ability for hackers to connect with any username they choose.
[09:24:45] [Server thread/WARN]: To change this, set "online-mode" to "true" in the server.properties file.
[09:24:45] [Server thread/INFO]: Preparing level "world"
[09:24:45] [Server thread/INFO]: Preparing start region for dimension minecraft:overworld
[09:24:47] [Worker-Main-15/INFO]: Preparing spawn area: 0%
[09:24:47] [Worker-Main-15/INFO]: Preparing spawn area: 0%
[09:24:47] [Worker-Main-15/INFO]: Preparing spawn area: 0%
[09:24:47] [Worker-Main-6/INFO]: Preparing spawn area: 0%
[09:24:47] [Server thread/INFO]: Time elapsed: 1911 ms
[09:24:47] [Server thread/INFO]: Done (2.434s)! For help, type "help"
[09:24:57] [Server thread/INFO]: kerobertkertas[/127.0.0.1:61893] logged in with entity id 81 at (281.5, 66.0, 87.5)
[09:24:57] [Server thread/INFO]: kerobertkertas joined the game
[09:26:04] [Server thread/INFO]: kerobertkertas lost connection: Disconnected
[09:26:04] [Server thread/INFO]: kerobertkertas left the game
[09:26:04] [Server thread/INFO]: kerobertkertas[/127.0.0.1:61940] logged in with entity id 842 at (357.1969093136404, 68.0, 127.12259849148437)
[09:26:04] [Server thread/INFO]: kerobertkertas joined the game
[09:26:09] [Server thread/INFO]: Unknown or incomplete command, see below for error
[09:26:09] [Server thread/INFO]: <--[HERE]
[09:26:10] [Server thread/INFO]: Unknown or incomplete command, see below for error
[09:26:10] [Server thread/INFO]: <--[HERE]
[09:26:17] [Server thread/INFO]: Made kerobertkert a server operator
[09:26:22] [Server thread/INFO]: Nothing changed. The player already is an operator
[09:26:42] [Server thread/INFO]: Made kerobertkertas a server operator
[09:27:38] [Server thread/INFO]: kerobertkertas lost connection: Disconnected
[09:27:38] [Server thread/INFO]: kerobertkertas left the game
[18:44:51] [Server thread/WARN]: Can't keep up! Is the server overloaded? Running 2004ms or 40 ticks behind
